[parsing started RegularFileObject[/home/js/dev/repo/ridill/SchoolingTheInternet/STN-master/src/main/java/com/stn/servlets/EditComment.java]]
[parsing completed 13ms]
[parsing started RegularFileObject[/home/js/dev/repo/ridill/SchoolingTheInternet/STN-master/src/main/java/com/stn/servlets/GrupaProcess.java]]
[parsing completed 1ms]
[parsing started RegularFileObject[/home/js/dev/repo/ridill/SchoolingTheInternet/STN-master/src/main/java/com/stn/helpers/NewsHelper.java]]
[parsing completed 3ms]
[parsing started RegularFileObject[/home/js/dev/repo/ridill/SchoolingTheInternet/STN-master/src/main/java/com/stn/servlets/UpdateFacProcess.java]]
[parsing completed 1ms]
[parsing started RegularFileObject[/home/js/dev/repo/ridill/SchoolingTheInternet/STN-master/src/main/java/com/stn/pojo/Notes.java]]
[parsing completed 1ms]
[parsing started RegularFileObject[/home/js/dev/repo/ridill/SchoolingTheInternet/STN-master/src/main/java/com/stn/pojo/Orar.java]]
[parsing completed 1ms]
[parsing started RegularFileObject[/home/js/dev/repo/ridill/SchoolingTheInternet/STN-master/src/main/java/com/stn/helpers/TopicHelper.java]]
[parsing completed 1ms]
[parsing started RegularFileObject[/home/js/dev/repo/ridill/SchoolingTheInternet/STN-master/src/main/java/com/stn/pojo/Category.java]]
[parsing completed 3ms]
[parsing started RegularFileObject[/home/js/dev/repo/ridill/SchoolingTheInternet/STN-master/src/main/java/com/stn/servlets/ChangePasswordProcess.java]]
[parsing completed 1ms]
[parsing started RegularFileObject[/home/js/dev/repo/ridill/SchoolingTheInternet/STN-master/src/main/java/com/stn/utils/Validator.java]]
[parsing completed 1ms]
[parsing started RegularFileObject[/home/js/dev/repo/ridill/SchoolingTheInternet/STN-master/src/main/java/com/stn/servlets/AddTopic.java]]
[parsing completed 1ms]
[parsing started RegularFileObject[/home/js/dev/repo/ridill/SchoolingTheInternet/STN-master/src/main/java/com/stn/servlets/RegisterProcess.java]]
[parsing completed 4ms]
[parsing started RegularFileObject[/home/js/dev/repo/ridill/SchoolingTheInternet/STN-master/src/main/java/com/stn/servlets/CategoryProcess.java]]
[parsing completed 2ms]
[parsing started RegularFileObject[/home/js/dev/repo/ridill/SchoolingTheInternet/STN-master/src/main/java/com/stn/helpers/ApplicationHelper.java]]
[parsing completed 4ms]
[parsing started RegularFileObject[/home/js/dev/repo/ridill/SchoolingTheInternet/STN-master/src/main/java/com/stn/servlets/ResetProcess.java]]
[parsing completed 2ms]
[parsing started RegularFileObject[/home/js/dev/repo/ridill/SchoolingTheInternet/STN-master/src/main/java/com/stn/servlets/ProfileProcess.java]]
[parsing completed 1ms]
[parsing started RegularFileObject[/home/js/dev/repo/ridill/SchoolingTheInternet/STN-master/src/main/java/com/stn/servlets/ApplicationProcess.java]]
[parsing completed 2ms]
[parsing started RegularFileObject[/home/js/dev/repo/ridill/SchoolingTheInternet/STN-master/src/main/java/com/stn/utils/DBConnection.java]]
[parsing completed 0ms]
[parsing started RegularFileObject[/home/js/dev/repo/ridill/SchoolingTheInternet/STN-master/src/main/java/com/stn/servlets/AddNotes.java]]
[parsing completed 2ms]
[parsing started RegularFileObject[/home/js/dev/repo/ridill/SchoolingTheInternet/STN-master/src/main/java/com/stn/servlets/LoginProcess.java]]
[parsing completed 1ms]
[parsing started RegularFileObject[/home/js/dev/repo/ridill/SchoolingTheInternet/STN-master/src/main/java/com/stn/helpers/FacultateHelper.java]]
[parsing completed 4ms]
[parsing started RegularFileObject[/home/js/dev/repo/ridill/SchoolingTheInternet/STN-master/src/main/java/com/stn/helpers/RecoverHelper.java]]
[parsing completed 1ms]
[parsing started RegularFileObject[/home/js/dev/repo/ridill/SchoolingTheInternet/STN-master/src/main/java/com/stn/helpers/CategoryHelper.java]]
[parsing completed 1ms]
[parsing started RegularFileObject[/home/js/dev/repo/ridill/SchoolingTheInternet/STN-master/src/main/java/com/stn/servlets/AddOra.java]]
[parsing completed 1ms]
[parsing started RegularFileObject[/home/js/dev/repo/ridill/SchoolingTheInternet/STN-master/src/main/java/com/stn/pojo/Country.java]]
[parsing completed 1ms]
[parsing started RegularFileObject[/home/js/dev/repo/ridill/SchoolingTheInternet/STN-master/src/main/java/com/stn/servlets/FacultateProcess.java]]
[parsing completed 1ms]
[parsing started RegularFileObject[/home/js/dev/repo/ridill/SchoolingTheInternet/STN-master/src/main/java/com/stn/servlets/LeaveGrupaProcess.java]]
[parsing completed 1ms]
[parsing started RegularFileObject[/home/js/dev/repo/ridill/SchoolingTheInternet/STN-master/src/main/java/com/stn/helpers/OrarHelper.java]]
[parsing completed 4ms]
[parsing started RegularFileObject[/home/js/dev/repo/ridill/SchoolingTheInternet/STN-master/src/main/java/com/stn/pojo/Serie.java]]
[parsing completed 1ms]
[parsing started RegularFileObject[/home/js/dev/repo/ridill/SchoolingTheInternet/STN-master/src/main/java/com/stn/pojo/Topic.java]]
[parsing completed 0ms]
[parsing started RegularFileObject[/home/js/dev/repo/ridill/SchoolingTheInternet/STN-master/src/main/java/com/stn/helpers/CommentsHelper.java]]
[parsing completed 1ms]
[parsing started RegularFileObject[/home/js/dev/repo/ridill/SchoolingTheInternet/STN-master/src/main/java/com/stn/pojo/Comments.java]]
[parsing completed 1ms]
[parsing started RegularFileObject[/home/js/dev/repo/ridill/SchoolingTheInternet/STN-master/src/main/java/com/stn/pojo/Grupa.java]]
[parsing completed 1ms]
[parsing started RegularFileObject[/home/js/dev/repo/ridill/SchoolingTheInternet/STN-master/src/main/java/com/stn/servlets/RecoverProcess.java]]
[parsing completed 1ms]
[parsing started RegularFileObject[/home/js/dev/repo/ridill/SchoolingTheInternet/STN-master/src/main/java/com/stn/servlets/EditUserProcess.java]]
[parsing completed 1ms]
[parsing started RegularFileObject[/home/js/dev/repo/ridill/SchoolingTheInternet/STN-master/src/main/java/com/stn/pojo/Invitatie.java]]
[parsing completed 1ms]
[parsing started RegularFileObject[/home/js/dev/repo/ridill/SchoolingTheInternet/STN-master/src/main/java/com/stn/servlets/DeleteOraProcess.java]]
[parsing completed 1ms]
[parsing started RegularFileObject[/home/js/dev/repo/ridill/SchoolingTheInternet/STN-master/src/main/java/com/stn/helpers/SecurityHelper.java]]
[parsing completed 2ms]
[parsing started RegularFileObject[/home/js/dev/repo/ridill/SchoolingTheInternet/STN-master/src/main/java/com/stn/pojo/Stats.java]]
[parsing completed 1ms]
[parsing started RegularFileObject[/home/js/dev/repo/ridill/SchoolingTheInternet/STN-master/src/main/java/com/stn/pojo/Aplicatie.java]]
[parsing completed 1ms]
[parsing started RegularFileObject[/home/js/dev/repo/ridill/SchoolingTheInternet/STN-master/src/main/java/com/stn/servlets/SerieProcess.java]]
[parsing completed 1ms]
[parsing started RegularFileObject[/home/js/dev/repo/ridill/SchoolingTheInternet/STN-master/src/main/java/com/stn/helpers/CountryHelper.java]]
[parsing completed 0ms]
[parsing started RegularFileObject[/home/js/dev/repo/ridill/SchoolingTheInternet/STN-master/src/main/java/com/stn/pojo/News.java]]
[parsing completed 0ms]
[parsing started RegularFileObject[/home/js/dev/repo/ridill/SchoolingTheInternet/STN-master/src/main/java/com/stn/pojo/User.java]]
[parsing completed 1ms]
[parsing started RegularFileObject[/home/js/dev/repo/ridill/SchoolingTheInternet/STN-master/src/main/java/com/stn/utils/Tools.java]]
[parsing completed 2ms]
[parsing started RegularFileObject[/home/js/dev/repo/ridill/SchoolingTheInternet/STN-master/src/main/java/com/stn/servlets/EditNewsProcess.java]]
[parsing completed 0ms]
[parsing started RegularFileObject[/home/js/dev/repo/ridill/SchoolingTheInternet/STN-master/src/main/java/com/stn/servlets/LogoutProcess.java]]
[parsing completed 0ms]
[parsing started RegularFileObject[/home/js/dev/repo/ridill/SchoolingTheInternet/STN-master/src/main/java/com/stn/servlets/AdminAppProcess.java]]
[parsing completed 1ms]
[parsing started RegularFileObject[/home/js/dev/repo/ridill/SchoolingTheInternet/STN-master/src/main/java/com/stn/helpers/UserHelper.java]]
[parsing completed 5ms]
[parsing started RegularFileObject[/home/js/dev/repo/ridill/SchoolingTheInternet/STN-master/src/main/java/com/stn/servlets/AddNewsProcess.java]]
[parsing completed 0ms]
[parsing started RegularFileObject[/home/js/dev/repo/ridill/SchoolingTheInternet/STN-master/src/main/java/com/stn/pojo/Facultate.java]]
[parsing completed 0ms]
[parsing started RegularFileObject[/home/js/dev/repo/ridill/SchoolingTheInternet/STN-master/src/main/java/com/stn/servlets/AddComment.java]]
[parsing completed 1ms]
[parsing started RegularFileObject[/home/js/dev/repo/ridill/SchoolingTheInternet/STN-master/src/main/java/com/stn/servlets/JoinGrupaProcess.java]]
[parsing completed 0ms]
[search path for source files: /home/js/dev/repo/ridill/SchoolingTheInternet/STN-master/src/main/java,/home/js/dev/repo/ridill/SchoolingTheInternet/STN-master/target/generated-sources/annotations]
[search path for class files: /usr/lib/jvm/java-8-openjdk-amd64/jre/lib/resources.jar,/usr/lib/jvm/java-8-openjdk-amd64/jre/lib/rt.jar,/usr/lib/jvm/java-8-openjdk-amd64/jre/lib/sunrsasign.jar,/usr/lib/jvm/java-8-openjdk-amd64/jre/lib/jsse.jar,/usr/lib/jvm/java-8-openjdk-amd64/jre/lib/jce.jar,/usr/lib/jvm/java-8-openjdk-amd64/jre/lib/charsets.jar,/usr/lib/jvm/java-8-openjdk-amd64/jre/lib/jfr.jar,/usr/lib/jvm/java-8-openjdk-amd64/jre/classes,/usr/lib/jvm/java-8-openjdk-amd64/jre/lib/ext/sunjce_provider.jar,/usr/lib/jvm/java-8-openjdk-amd64/jre/lib/ext/jaccess.jar,/usr/lib/jvm/java-8-openjdk-amd64/jre/lib/ext/nashorn.jar,/usr/lib/jvm/java-8-openjdk-amd64/jre/lib/ext/sunec.jar,/usr/lib/jvm/java-8-openjdk-amd64/jre/lib/ext/sunpkcs11.jar,/usr/lib/jvm/java-8-openjdk-amd64/jre/lib/ext/icedtea-sound.jar,/usr/lib/jvm/java-8-openjdk-amd64/jre/lib/ext/dnsns.jar,/usr/lib/jvm/java-8-openjdk-amd64/jre/lib/ext/zipfs.jar,/usr/lib/jvm/java-8-openjdk-amd64/jre/lib/ext/cldrdata.jar,/usr/lib/jvm/java-8-openjdk-amd64/jre/lib/ext/localedata.jar,/home/js/dev/repo/ridill/SchoolingTheInternet/STN-master/target/classes,/home/js/.m2/repository/javax/servlet/javax.servlet-api/4.0.0/javax.servlet-api-4.0.0.jar,/home/js/.m2/repository/com/sun/mail/javax.mail/1.5.1/javax.mail-1.5.1.jar,/home/js/.m2/repository/javax/activation/activation/1.1/activation-1.1.jar,/home/js/.m2/repository/javax/servlet/jsp/jstl/jstl-api/1.2/jstl-api-1.2.jar,/home/js/.m2/repository/javax/servlet/servlet-api/2.5/servlet-api-2.5.jar,/home/js/.m2/repository/javax/servlet/jsp/jsp-api/2.1/jsp-api-2.1.jar,/home/js/.m2/repository/javax/el/javax.el-api/3.0.0/javax.el-api-3.0.0.jar,/home/js/.m2/repository/mysql/mysql-connector-java/5.1.46/mysql-connector-java-5.1.46.jar,/home/js/.m2/repository/org/apache/maven/plugins/maven-war-plugin/3.2.0/maven-war-plugin-3.2.0.jar,/home/js/.m2/repository/org/apache/maven/maven-plugin-api/3.0/maven-plugin-api-3.0.jar,/home/js/.m2/repository/org/apache/maven/maven-model/3.0/maven-model-3.0.jar,/home/js/.m2/repository/org/apache/maven/maven-artifact/3.0/maven-artifact-3.0.jar,/home/js/.m2/repository/org/sonatype/sisu/sisu-inject-plexus/1.4.2/sisu-inject-plexus-1.4.2.jar,/home/js/.m2/repository/org/sonatype/sisu/sisu-inject-bean/1.4.2/sisu-inject-bean-1.4.2.jar,/home/js/.m2/repository/org/sonatype/sisu/sisu-guice/2.1.7/sisu-guice-2.1.7-noaop.jar,/home/js/.m2/repository/org/apache/maven/maven-core/3.0/maven-core-3.0.jar,/home/js/.m2/repository/org/apache/maven/maven-settings/3.0/maven-settings-3.0.jar,/home/js/.m2/repository/org/apache/maven/maven-settings-builder/3.0/maven-settings-builder-3.0.jar,/home/js/.m2/repository/org/apache/maven/maven-repository-metadata/3.0/maven-repository-metadata-3.0.jar,/home/js/.m2/repository/org/apache/maven/maven-model-builder/3.0/maven-model-builder-3.0.jar,/home/js/.m2/repository/org/sonatype/aether/aether-impl/1.7/aether-impl-1.7.jar,/home/js/.m2/repository/org/sonatype/aether/aether-spi/1.7/aether-spi-1.7.jar,/home/js/.m2/repository/org/sonatype/aether/aether-api/1.7/aether-api-1.7.jar,/home/js/.m2/repository/org/sonatype/aether/aether-util/1.7/aether-util-1.7.jar,/home/js/.m2/repository/org/codehaus/plexus/plexus-classworlds/2.2.3/plexus-classworlds-2.2.3.jar,/home/js/.m2/repository/org/codehaus/plexus/plexus-component-annotations/1.5.5/plexus-component-annotations-1.5.5.jar,/home/js/.m2/repository/org/sonatype/plexus/plexus-sec-dispatcher/1.3/plexus-sec-dispatcher-1.3.jar,/home/js/.m2/repository/org/sonatype/plexus/plexus-cipher/1.4/plexus-cipher-1.4.jar,/home/js/.m2/repository/org/apache/maven/maven-archiver/3.2.0/maven-archiver-3.2.0.jar,/home/js/.m2/repository/org/apache/maven/shared/maven-shared-utils/3.2.0/maven-shared-utils-3.2.0.jar,/home/js/.m2/repository/commons-io/commons-io/2.5/commons-io-2.5.jar,/home/js/.m2/repository/org/codehaus/plexus/plexus-archiver/3.5/plexus-archiver-3.5.jar,/home/js/.m2/repository/org/codehaus/plexus/plexus-io/3.0.0/plexus-io-3.0.0.jar,/home/js/.m2/repository/org/apache/commons/commons-compress/1.14/commons-compress-1.14.jar,/home/js/.m2/repository/org/iq80/snappy/snappy/0.4/snappy-0.4.jar,/home/js/.m2/repository/org/codehaus/plexus/plexus-interpolation/1.24/plexus-interpolation-1.24.jar,/home/js/.m2/repository/com/thoughtworks/xstream/xstream/1.4.9/xstream-1.4.9.jar,/home/js/.m2/repository/xmlpull/xmlpull/1.1.3.1/xmlpull-1.1.3.1.jar,/home/js/.m2/repository/xpp3/xpp3_min/1.1.4c/xpp3_min-1.1.4c.jar,/home/js/.m2/repository/org/codehaus/plexus/plexus-utils/3.1.0/plexus-utils-3.1.0.jar,/home/js/.m2/repository/org/apache/maven/shared/maven-filtering/3.1.1/maven-filtering-3.1.1.jar,/home/js/.m2/repository/org/sonatype/plexus/plexus-build-api/0.0.7/plexus-build-api-0.0.7.jar,/home/js/.m2/repository/org/apache/maven/shared/maven-mapping/3.0.0/maven-mapping-3.0.0.jar,/home/js/.m2/repository/taglibs/standard/1.1.2/standard-1.1.2.jar,/home/js/.m2/repository/org/owasp/encoder/encoder-jsp/1.2.1/encoder-jsp-1.2.1.jar,/home/js/.m2/repository/org/owasp/encoder/encoder/1.2.1/encoder-1.2.1.jar,.]
[loading ZipFileIndexFileObject[/home/js/.m2/repository/javax/servlet/javax.servlet-api/4.0.0/javax.servlet-api-4.0.0.jar(javax/servlet/ServletException.class)]]
[loading ZipFileIndexFileObject[/home/js/.m2/repository/javax/servlet/javax.servlet-api/4.0.0/javax.servlet-api-4.0.0.jar(javax/servlet/annotation/WebServlet.class)]]
[loading ZipFileIndexFileObject[/home/js/.m2/repository/javax/servlet/javax.servlet-api/4.0.0/javax.servlet-api-4.0.0.jar(javax/servlet/http/HttpServlet.class)]]
[loading ZipFileIndexFileObject[/home/js/.m2/repository/javax/servlet/javax.servlet-api/4.0.0/javax.servlet-api-4.0.0.jar(javax/servlet/http/HttpServletRequest.class)]]
[loading ZipFileIndexFileObject[/home/js/.m2/repository/javax/servlet/javax.servlet-api/4.0.0/javax.servlet-api-4.0.0.jar(javax/servlet/http/HttpServletResponse.class)]]
[loading ZipFileIndexFileObject[/usr/lib/jvm/java-8-openjdk-amd64/lib/ct.sym(META-INF/sym/rt.jar/java/io/IOException.class)]]
[loading ZipFileIndexFileObject[/usr/lib/jvm/java-8-openjdk-amd64/lib/ct.sym(META-INF/sym/rt.jar/java/io/PrintWriter.class)]]
[loading ZipFileIndexFileObject[/usr/lib/jvm/java-8-openjdk-amd64/lib/ct.sym(META-INF/sym/rt.jar/java/sql/SQLException.class)]]
[loading ZipFileIndexFileObject[/home/js/.m2/repository/javax/servlet/javax.servlet-api/4.0.0/javax.servlet-api-4.0.0.jar(javax/servlet/GenericServlet.class)]]
[loading ZipFileIndexFileObject[/home/js/.m2/repository/javax/servlet/javax.servlet-api/4.0.0/javax.servlet-api-4.0.0.jar(javax/servlet/Servlet.class)]]
[loading ZipFileIndexFileObject[/usr/lib/jvm/java-8-openjdk-amd64/lib/ct.sym(META-INF/sym/rt.jar/java/lang/Object.class)]]
[loading ZipFileIndexFileObject[/home/js/.m2/repository/javax/servlet/javax.servlet-api/4.0.0/javax.servlet-api-4.0.0.jar(javax/servlet/ServletConfig.class)]]
[loading ZipFileIndexFileObject[/usr/lib/jvm/java-8-openjdk-amd64/lib/ct.sym(META-INF/sym/rt.jar/java/io/Serializable.class)]]
[loading ZipFileIndexFileObject[/home/js/.m2/repository/javax/servlet/javax.servlet-api/4.0.0/javax.servlet-api-4.0.0.jar(javax/servlet/http/HttpSession.class)]]
[loading ZipFileIndexFileObject[/usr/lib/jvm/java-8-openjdk-amd64/lib/ct.sym(META-INF/sym/rt.jar/java/sql/DriverManager.class)]]
[loading ZipFileIndexFileObject[/usr/lib/jvm/java-8-openjdk-amd64/lib/ct.sym(META-INF/sym/rt.jar/java/sql/Timestamp.class)]]
[loading ZipFileIndexFileObject[/usr/lib/jvm/java-8-openjdk-amd64/lib/ct.sym(META-INF/sym/rt.jar/java/util/ArrayList.class)]]
[loading ZipFileIndexFileObject[/usr/lib/jvm/java-8-openjdk-amd64/lib/ct.sym(META-INF/sym/rt.jar/java/util/List.class)]]
[loading ZipFileIndexFileObject[/usr/lib/jvm/java-8-openjdk-amd64/lib/ct.sym(META-INF/sym/rt.jar/java/sql/Connection.class)]]
[loading ZipFileIndexFileObject[/usr/lib/jvm/java-8-openjdk-amd64/lib/ct.sym(META-INF/sym/rt.jar/java/sql/PreparedStatement.class)]]
[loading ZipFileIndexFileObject[/usr/lib/jvm/java-8-openjdk-amd64/lib/ct.sym(META-INF/sym/rt.jar/java/sql/ResultSet.class)]]
[loading ZipFileIndexFileObject[/usr/lib/jvm/java-8-openjdk-amd64/lib/ct.sym(META-INF/sym/rt.jar/java/lang/String.class)]]
[loading ZipFileIndexFileObject[/usr/lib/jvm/java-8-openjdk-amd64/lib/ct.sym(META-INF/sym/rt.jar/java/lang/ClassNotFoundException.class)]]
[loading ZipFileIndexFileObject[/usr/lib/jvm/java-8-openjdk-amd64/lib/ct.sym(META-INF/sym/rt.jar/java/sql/Time.class)]]
[loading ZipFileIndexFileObject[/home/js/.m2/repository/mysql/mysql-connector-java/5.1.46/mysql-connector-java-5.1.46.jar(com/mysql/jdbc/Statement.class)]]
[loading ZipFileIndexFileObject[/usr/lib/jvm/java-8-openjdk-amd64/lib/ct.sym(META-INF/sym/rt.jar/java/security/NoSuchAlgorithmException.class)]]
[loading ZipFileIndexFileObject[/home/js/.m2/repository/com/sun/mail/javax.mail/1.5.1/javax.mail-1.5.1.jar(javax/mail/internet/InternetAddress.class)]]
[loading ZipFileIndexFileObject[/usr/lib/jvm/java-8-openjdk-amd64/lib/ct.sym(META-INF/sym/rt.jar/java/net/MalformedURLException.class)]]
[loading ZipFileIndexFileObject[/usr/lib/jvm/java-8-openjdk-amd64/lib/ct.sym(META-INF/sym/rt.jar/java/net/URISyntaxException.class)]]
[loading ZipFileIndexFileObject[/usr/lib/jvm/java-8-openjdk-amd64/lib/ct.sym(META-INF/sym/rt.jar/java/net/URL.class)]]
[loading ZipFileIndexFileObject[/usr/lib/jvm/java-8-openjdk-amd64/lib/ct.sym(META-INF/sym/rt.jar/java/util/regex/Matcher.class)]]
[loading ZipFileIndexFileObject[/usr/lib/jvm/java-8-openjdk-amd64/lib/ct.sym(META-INF/sym/rt.jar/java/lang/Integer.class)]]
[loading ZipFileIndexFileObject[/home/js/.m2/repository/org/owasp/encoder/encoder/1.2.1/encoder-1.2.1.jar(org/owasp/encoder/Encode.class)]]
[loading ZipFileIndexFileObject[/usr/lib/jvm/java-8-openjdk-amd64/lib/ct.sym(META-INF/sym/rt.jar/java/sql/Driver.class)]]
[loading ZipFileIndexFileObject[/usr/lib/jvm/java-8-openjdk-amd64/lib/ct.sym(META-INF/sym/rt.jar/java/util/Date.class)]]
[loading ZipFileIndexFileObject[/home/js/.m2/repository/com/sun/mail/javax.mail/1.5.1/javax.mail-1.5.1.jar(javax/mail/MessagingException.class)]]
[loading ZipFileIndexFileObject[/usr/lib/jvm/java-8-openjdk-amd64/lib/ct.sym(META-INF/sym/rt.jar/java/security/MessageDigest.class)]]
[loading ZipFileIndexFileObject[/usr/lib/jvm/java-8-openjdk-amd64/lib/ct.sym(META-INF/sym/rt.jar/java/security/SecureRandom.class)]]
[loading ZipFileIndexFileObject[/usr/lib/jvm/java-8-openjdk-amd64/lib/ct.sym(META-INF/sym/rt.jar/com/sun/management/OperatingSystemMXBean.class)]]
[loading ZipFileIndexFileObject[/usr/lib/jvm/java-8-openjdk-amd64/lib/ct.sym(META-INF/sym/rt.jar/java/lang/management/ManagementFactory.class)]]
[loading ZipFileIndexFileObject[/usr/lib/jvm/java-8-openjdk-amd64/lib/ct.sym(META-INF/sym/rt.jar/java/util/HashMap.class)]]
[loading ZipFileIndexFileObject[/usr/lib/jvm/java-8-openjdk-amd64/lib/ct.sym(META-INF/sym/rt.jar/java/util/Map.class)]]
[loading ZipFileIndexFileObject[/usr/lib/jvm/java-8-openjdk-amd64/lib/ct.sym(META-INF/sym/rt.jar/java/util/Properties.class)]]
[loading ZipFileIndexFileObject[/home/js/.m2/repository/com/sun/mail/javax.mail/1.5.1/javax.mail-1.5.1.jar(javax/mail/Message.class)]]
[loading ZipFileIndexFileObject[/home/js/.m2/repository/com/sun/mail/javax.mail/1.5.1/javax.mail-1.5.1.jar(javax/mail/PasswordAuthentication.class)]]
[loading ZipFileIndexFileObject[/home/js/.m2/repository/com/sun/mail/javax.mail/1.5.1/javax.mail-1.5.1.jar(javax/mail/Session.class)]]
[loading ZipFileIndexFileObject[/home/js/.m2/repository/com/sun/mail/javax.mail/1.5.1/javax.mail-1.5.1.jar(javax/mail/Transport.class)]]
[loading ZipFileIndexFileObject[/home/js/.m2/repository/com/sun/mail/javax.mail/1.5.1/javax.mail-1.5.1.jar(javax/mail/internet/MimeMessage.class)]]
[loading ZipFileIndexFileObject[/usr/lib/jvm/java-8-openjdk-amd64/lib/ct.sym(META-INF/sym/rt.jar/java/text/SimpleDateFormat.class)]]
[loading ZipFileIndexFileObject[/usr/lib/jvm/java-8-openjdk-amd64/lib/ct.sym(META-INF/sym/rt.jar/java/lang/Boolean.class)]]
[loading ZipFileIndexFileObject[/home/js/.m2/repository/javax/servlet/javax.servlet-api/4.0.0/javax.servlet-api-4.0.0.jar(javax/servlet/http/Cookie.class)]]
[loading ZipFileIndexFileObject[/usr/lib/jvm/java-8-openjdk-amd64/lib/ct.sym(META-INF/sym/rt.jar/javax/sql/rowset/serial/SerialException.class)]]
[loading ZipFileIndexFileObject[/usr/lib/jvm/java-8-openjdk-amd64/lib/ct.sym(META-INF/sym/rt.jar/java/lang/annotation/Target.class)]]
[loading ZipFileIndexFileObject[/usr/lib/jvm/java-8-openjdk-amd64/lib/ct.sym(META-INF/sym/rt.jar/java/lang/annotation/ElementType.class)]]
[loading ZipFileIndexFileObject[/usr/lib/jvm/java-8-openjdk-amd64/lib/ct.sym(META-INF/sym/rt.jar/java/lang/annotation/Retention.class)]]
[loading ZipFileIndexFileObject[/usr/lib/jvm/java-8-openjdk-amd64/lib/ct.sym(META-INF/sym/rt.jar/java/lang/annotation/RetentionPolicy.class)]]
[loading ZipFileIndexFileObject[/usr/lib/jvm/java-8-openjdk-amd64/lib/ct.sym(META-INF/sym/rt.jar/java/lang/annotation/Annotation.class)]]
[loading ZipFileIndexFileObject[/usr/lib/jvm/java-8-openjdk-amd64/lib/ct.sym(META-INF/sym/rt.jar/java/lang/Override.class)]]
[checking com.stn.servlets.EditComment]
[loading ZipFileIndexFileObject[/usr/lib/jvm/java-8-openjdk-amd64/lib/ct.sym(META-INF/sym/rt.jar/java/util/Enumeration.class)]]
[loading ZipFileIndexFileObject[/usr/lib/jvm/java-8-openjdk-amd64/lib/ct.sym(META-INF/sym/rt.jar/java/lang/Error.class)]]
[loading ZipFileIndexFileObject[/usr/lib/jvm/java-8-openjdk-amd64/lib/ct.sym(META-INF/sym/rt.jar/java/lang/Exception.class)]]
[loading ZipFileIndexFileObject[/usr/lib/jvm/java-8-openjdk-amd64/lib/ct.sym(META-INF/sym/rt.jar/java/lang/Throwable.class)]]
[loading ZipFileIndexFileObject[/usr/lib/jvm/java-8-openjdk-amd64/lib/ct.sym(META-INF/sym/rt.jar/java/lang/RuntimeException.class)]]
[loading ZipFileIndexFileObject[/usr/lib/jvm/java-8-openjdk-amd64/lib/ct.sym(META-INF/sym/rt.jar/java/lang/AutoCloseable.class)]]
[loading ZipFileIndexFileObject[/home/js/.m2/repository/javax/servlet/javax.servlet-api/4.0.0/javax.servlet-api-4.0.0.jar(javax/servlet/ServletResponse.class)]]
[loading ZipFileIndexFileObject[/home/js/.m2/repository/javax/servlet/javax.servlet-api/4.0.0/javax.servlet-api-4.0.0.jar(javax/servlet/ServletRequest.class)]]
[loading ZipFileIndexFileObject[/usr/lib/jvm/java-8-openjdk-amd64/lib/ct.sym(META-INF/sym/rt.jar/java/lang/Byte.class)]]
[loading ZipFileIndexFileObject[/usr/lib/jvm/java-8-openjdk-amd64/lib/ct.sym(META-INF/sym/rt.jar/java/lang/Character.class)]]
[loading ZipFileIndexFileObject[/usr/lib/jvm/java-8-openjdk-amd64/lib/ct.sym(META-INF/sym/rt.jar/java/lang/Short.class)]]
[loading ZipFileIndexFileObject[/usr/lib/jvm/java-8-openjdk-amd64/lib/ct.sym(META-INF/sym/rt.jar/java/lang/Long.class)]]
[loading ZipFileIndexFileObject[/usr/lib/jvm/java-8-openjdk-amd64/lib/ct.sym(META-INF/sym/rt.jar/java/lang/Float.class)]]
[loading ZipFileIndexFileObject[/usr/lib/jvm/java-8-openjdk-amd64/lib/ct.sym(META-INF/sym/rt.jar/java/lang/Double.class)]]
[loading ZipFileIndexFileObject[/usr/lib/jvm/java-8-openjdk-amd64/lib/ct.sym(META-INF/sym/rt.jar/java/lang/Void.class)]]
[loading ZipFileIndexFileObject[/usr/lib/jvm/java-8-openjdk-amd64/lib/ct.sym(META-INF/sym/rt.jar/java/lang/Comparable.class)]]
[loading ZipFileIndexFileObject[/usr/lib/jvm/java-8-openjdk-amd64/lib/ct.sym(META-INF/sym/rt.jar/java/lang/Number.class)]]
[loading ZipFileIndexFileObject[/usr/lib/jvm/java-8-openjdk-amd64/lib/ct.sym(META-INF/sym/rt.jar/java/lang/ReflectiveOperationException.class)]]
[loading ZipFileIndexFileObject[/usr/lib/jvm/java-8-openjdk-amd64/lib/ct.sym(META-INF/sym/rt.jar/java/lang/Iterable.class)]]
[loading ZipFileIndexFileObject[/usr/lib/jvm/java-8-openjdk-amd64/lib/ct.sym(META-INF/sym/rt.jar/java/io/Writer.class)]]
[loading ZipFileIndexFileObject[/usr/lib/jvm/java-8-openjdk-amd64/lib/ct.sym(META-INF/sym/rt.jar/java/lang/Appendable.class)]]
[loading ZipFileIndexFileObject[/usr/lib/jvm/java-8-openjdk-amd64/lib/ct.sym(META-INF/sym/rt.jar/java/io/Closeable.class)]]
[loading ZipFileIndexFileObject[/usr/lib/jvm/java-8-openjdk-amd64/lib/ct.sym(META-INF/sym/rt.jar/java/io/Flushable.class)]]
[loading ZipFileIndexFileObject[/usr/lib/jvm/java-8-openjdk-amd64/lib/ct.sym(META-INF/sym/rt.jar/java/lang/NumberFormatException.class)]]
[loading ZipFileIndexFileObject[/usr/lib/jvm/java-8-openjdk-amd64/lib/ct.sym(META-INF/sym/rt.jar/java/lang/IllegalArgumentException.class)]]
[loading ZipFileIndexFileObject[/usr/lib/jvm/java-8-openjdk-amd64/lib/ct.sym(META-INF/sym/rt.jar/java/lang/StringBuilder.class)]]
[loading ZipFileIndexFileObject[/usr/lib/jvm/java-8-openjdk-amd64/lib/ct.sym(META-INF/sym/rt.jar/java/lang/CharSequence.class)]]
[loading ZipFileIndexFileObject[/usr/lib/jvm/java-8-openjdk-amd64/lib/ct.sym(META-INF/sym/rt.jar/java/lang/AbstractStringBuilder.class)]]
[loading ZipFileIndexFileObject[/usr/lib/jvm/java-8-openjdk-amd64/lib/ct.sym(META-INF/sym/rt.jar/java/lang/StringBuffer.class)]]
[wrote RegularFileObject[/home/js/dev/repo/ridill/SchoolingTheInternet/STN-master/target/classes/com/stn/servlets/EditComment.class]]
[checking com.stn.servlets.GrupaProcess]
[wrote RegularFileObject[/home/js/dev/repo/ridill/SchoolingTheInternet/STN-master/target/classes/com/stn/servlets/GrupaProcess.class]]
[checking com.stn.helpers.NewsHelper]
[loading ZipFileIndexFileObject[/usr/lib/jvm/java-8-openjdk-amd64/lib/ct.sym(META-INF/sym/rt.jar/java/lang/Class.class)]]
[loading ZipFileIndexFileObject[/usr/lib/jvm/java-8-openjdk-amd64/lib/ct.sym(META-INF/sym/rt.jar/java/lang/reflect/GenericDeclaration.class)]]
[loading ZipFileIndexFileObject[/usr/lib/jvm/java-8-openjdk-amd64/lib/ct.sym(META-INF/sym/rt.jar/java/lang/reflect/AnnotatedElement.class)]]
[loading ZipFileIndexFileObject[/usr/lib/jvm/java-8-openjdk-amd64/lib/ct.sym(META-INF/sym/rt.jar/java/lang/reflect/Type.class)]]
[loading ZipFileIndexFileObject[/usr/lib/jvm/java-8-openjdk-amd64/lib/ct.sym(META-INF/sym/rt.jar/java/sql/Wrapper.class)]]
[loading ZipFileIndexFileObject[/usr/lib/jvm/java-8-openjdk-amd64/lib/ct.sym(META-INF/sym/rt.jar/java/sql/Statement.class)]]
[loading ZipFileIndexFileObject[/usr/lib/jvm/java-8-openjdk-amd64/lib/ct.sym(META-INF/sym/rt.jar/java/util/Collection.class)]]
[loading ZipFileIndexFileObject[/usr/lib/jvm/java-8-openjdk-amd64/lib/ct.sym(META-INF/sym/rt.jar/java/util/AbstractList.class)]]
[loading ZipFileIndexFileObject[/usr/lib/jvm/java-8-openjdk-amd64/lib/ct.sym(META-INF/sym/rt.jar/java/util/AbstractCollection.class)]]
[loading ZipFileIndexFileObject[/usr/lib/jvm/java-8-openjdk-amd64/lib/ct.sym(META-INF/sym/rt.jar/java/lang/Cloneable.class)]]
[checking com.stn.utils.DBConnection]
[wrote RegularFileObject[/home/js/dev/repo/ridill/SchoolingTheInternet/STN-master/target/classes/com/stn/helpers/NewsHelper.class]]
[wrote RegularFileObject[/home/js/dev/repo/ridill/SchoolingTheInternet/STN-master/target/classes/com/stn/utils/DBConnection.class]]
[checking com.stn.pojo.News]
[wrote RegularFileObject[/home/js/dev/repo/ridill/SchoolingTheInternet/STN-master/target/classes/com/stn/pojo/News.class]]
[checking com.stn.servlets.UpdateFacProcess]
[wrote RegularFileObject[/home/js/dev/repo/ridill/SchoolingTheInternet/STN-master/target/classes/com/stn/servlets/UpdateFacProcess.class]]
[checking com.stn.pojo.Notes]
[wrote RegularFileObject[/home/js/dev/repo/ridill/SchoolingTheInternet/STN-master/target/classes/com/stn/pojo/Notes.class]]
[checking com.stn.pojo.Orar]
[wrote RegularFileObject[/home/js/dev/repo/ridill/SchoolingTheInternet/STN-master/target/classes/com/stn/pojo/Orar.class]]
[checking com.stn.helpers.TopicHelper]
[loading ZipFileIndexFileObject[/home/js/.m2/repository/mysql/mysql-connector-java/5.1.46/mysql-connector-java-5.1.46.jar(com/mysql/jdbc/Wrapper.class)]]
[wrote RegularFileObject[/home/js/dev/repo/ridill/SchoolingTheInternet/STN-master/target/classes/com/stn/helpers/TopicHelper.class]]
[checking com.stn.pojo.Topic]
[wrote RegularFileObject[/home/js/dev/repo/ridill/SchoolingTheInternet/STN-master/target/classes/com/stn/pojo/Topic.class]]
[checking com.stn.pojo.Category]
[wrote RegularFileObject[/home/js/dev/repo/ridill/SchoolingTheInternet/STN-master/target/classes/com/stn/pojo/Category.class]]
[checking com.stn.servlets.ChangePasswordProcess]
[loading ZipFileIndexFileObject[/usr/lib/jvm/java-8-openjdk-amd64/lib/ct.sym(META-INF/sym/rt.jar/java/security/GeneralSecurityException.class)]]
[wrote RegularFileObject[/home/js/dev/repo/ridill/SchoolingTheInternet/STN-master/target/classes/com/stn/servlets/ChangePasswordProcess.class]]
[checking com.stn.utils.Validator]
[loading ZipFileIndexFileObject[/home/js/.m2/repository/com/sun/mail/javax.mail/1.5.1/javax.mail-1.5.1.jar(javax/mail/Address.class)]]
[loading ZipFileIndexFileObject[/home/js/.m2/repository/com/sun/mail/javax.mail/1.5.1/javax.mail-1.5.1.jar(javax/mail/internet/AddressException.class)]]
[loading ZipFileIndexFileObject[/home/js/.m2/repository/com/sun/mail/javax.mail/1.5.1/javax.mail-1.5.1.jar(javax/mail/internet/ParseException.class)]]
[wrote RegularFileObject[/home/js/dev/repo/ridill/SchoolingTheInternet/STN-master/target/classes/com/stn/utils/Validator.class]]
[checking com.stn.servlets.AddTopic]
[wrote RegularFileObject[/home/js/dev/repo/ridill/SchoolingTheInternet/STN-master/target/classes/com/stn/servlets/AddTopic.class]]
[checking com.stn.servlets.RegisterProcess]
[wrote RegularFileObject[/home/js/dev/repo/ridill/SchoolingTheInternet/STN-master/target/classes/com/stn/servlets/RegisterProcess.class]]
[checking com.stn.servlets.CategoryProcess]
[wrote RegularFileObject[/home/js/dev/repo/ridill/SchoolingTheInternet/STN-master/target/classes/com/stn/servlets/CategoryProcess.class]]
[checking com.stn.helpers.ApplicationHelper]
[wrote RegularFileObject[/home/js/dev/repo/ridill/SchoolingTheInternet/STN-master/target/classes/com/stn/helpers/ApplicationHelper.class]]
[checking com.stn.pojo.Aplicatie]
[wrote RegularFileObject[/home/js/dev/repo/ridill/SchoolingTheInternet/STN-master/target/classes/com/stn/pojo/Aplicatie.class]]
[checking com.stn.pojo.Invitatie]
[wrote RegularFileObject[/home/js/dev/repo/ridill/SchoolingTheInternet/STN-master/target/classes/com/stn/pojo/Invitatie.class]]
[checking com.stn.servlets.ResetProcess]
[wrote RegularFileObject[/home/js/dev/repo/ridill/SchoolingTheInternet/STN-master/target/classes/com/stn/servlets/ResetProcess.class]]
[checking com.stn.servlets.ProfileProcess]
[wrote RegularFileObject[/home/js/dev/repo/ridill/SchoolingTheInternet/STN-master/target/classes/com/stn/servlets/ProfileProcess.class]]
[checking com.stn.servlets.ApplicationProcess]
[wrote RegularFileObject[/home/js/dev/repo/ridill/SchoolingTheInternet/STN-master/target/classes/com/stn/servlets/ApplicationProcess.class]]
[checking com.stn.servlets.AddNotes]
[wrote RegularFileObject[/home/js/dev/repo/ridill/SchoolingTheInternet/STN-master/target/classes/com/stn/servlets/AddNotes.class]]
[checking com.stn.servlets.LoginProcess]
[wrote RegularFileObject[/home/js/dev/repo/ridill/SchoolingTheInternet/STN-master/target/classes/com/stn/servlets/LoginProcess.class]]
[checking com.stn.helpers.FacultateHelper]
[loading ZipFileIndexFileObject[/usr/lib/jvm/java-8-openjdk-amd64/lib/ct.sym(META-INF/sym/rt.jar/java/util/Iterator.class)]]
[wrote RegularFileObject[/home/js/dev/repo/ridill/SchoolingTheInternet/STN-master/target/classes/com/stn/helpers/FacultateHelper.class]]
[checking com.stn.pojo.Facultate]
[wrote RegularFileObject[/home/js/dev/repo/ridill/SchoolingTheInternet/STN-master/target/classes/com/stn/pojo/Facultate.class]]
[checking com.stn.pojo.Serie]
[wrote RegularFileObject[/home/js/dev/repo/ridill/SchoolingTheInternet/STN-master/target/classes/com/stn/pojo/Serie.class]]
[checking com.stn.pojo.Grupa]
[wrote RegularFileObject[/home/js/dev/repo/ridill/SchoolingTheInternet/STN-master/target/classes/com/stn/pojo/Grupa.class]]
[checking com.stn.helpers.RecoverHelper]
[wrote RegularFileObject[/home/js/dev/repo/ridill/SchoolingTheInternet/STN-master/target/classes/com/stn/helpers/RecoverHelper.class]]
[checking com.stn.helpers.CategoryHelper]
[wrote RegularFileObject[/home/js/dev/repo/ridill/SchoolingTheInternet/STN-master/target/classes/com/stn/helpers/CategoryHelper.class]]
[checking com.stn.servlets.AddOra]
[wrote RegularFileObject[/home/js/dev/repo/ridill/SchoolingTheInternet/STN-master/target/classes/com/stn/servlets/AddOra.class]]
[checking com.stn.pojo.Country]
[wrote RegularFileObject[/home/js/dev/repo/ridill/SchoolingTheInternet/STN-master/target/classes/com/stn/pojo/Country.class]]
[checking com.stn.servlets.FacultateProcess]
[wrote RegularFileObject[/home/js/dev/repo/ridill/SchoolingTheInternet/STN-master/target/classes/com/stn/servlets/FacultateProcess.class]]
[checking com.stn.servlets.LeaveGrupaProcess]
[wrote RegularFileObject[/home/js/dev/repo/ridill/SchoolingTheInternet/STN-master/target/classes/com/stn/servlets/LeaveGrupaProcess.class]]
[checking com.stn.helpers.OrarHelper]
[loading ZipFileIndexFileObject[/usr/lib/jvm/java-8-openjdk-amd64/lib/ct.sym(META-INF/sym/rt.jar/java/util/RandomAccess.class)]]
[wrote RegularFileObject[/home/js/dev/repo/ridill/SchoolingTheInternet/STN-master/target/classes/com/stn/helpers/OrarHelper.class]]
[checking com.stn.helpers.CommentsHelper]
[wrote RegularFileObject[/home/js/dev/repo/ridill/SchoolingTheInternet/STN-master/target/classes/com/stn/helpers/CommentsHelper.class]]
[checking com.stn.pojo.Comments]
[wrote RegularFileObject[/home/js/dev/repo/ridill/SchoolingTheInternet/STN-master/target/classes/com/stn/pojo/Comments.class]]
[checking com.stn.servlets.RecoverProcess]
[wrote RegularFileObject[/home/js/dev/repo/ridill/SchoolingTheInternet/STN-master/target/classes/com/stn/servlets/RecoverProcess.class]]
[checking com.stn.servlets.EditUserProcess]
[wrote RegularFileObject[/home/js/dev/repo/ridill/SchoolingTheInternet/STN-master/target/classes/com/stn/servlets/EditUserProcess.class]]
[checking com.stn.servlets.DeleteOraProcess]
[wrote RegularFileObject[/home/js/dev/repo/ridill/SchoolingTheInternet/STN-master/target/classes/com/stn/servlets/DeleteOraProcess.class]]
[checking com.stn.helpers.SecurityHelper]
[loading ZipFileIndexFileObject[/usr/lib/jvm/java-8-openjdk-amd64/lib/ct.sym(META-INF/sym/rt.jar/java/security/MessageDigestSpi.class)]]
[loading ZipFileIndexFileObject[/usr/lib/jvm/java-8-openjdk-amd64/lib/ct.sym(META-INF/sym/rt.jar/java/nio/ByteBuffer.class)]]
[loading ZipFileIndexFileObject[/usr/lib/jvm/java-8-openjdk-amd64/lib/ct.sym(META-INF/sym/rt.jar/java/util/Random.class)]]
[wrote RegularFileObject[/home/js/dev/repo/ridill/SchoolingTheInternet/STN-master/target/classes/com/stn/helpers/SecurityHelper.class]]
[checking com.stn.pojo.Stats]
[wrote RegularFileObject[/home/js/dev/repo/ridill/SchoolingTheInternet/STN-master/target/classes/com/stn/pojo/Stats.class]]
[checking com.stn.pojo.User]
[wrote RegularFileObject[/home/js/dev/repo/ridill/SchoolingTheInternet/STN-master/target/classes/com/stn/pojo/User.class]]
[checking com.stn.servlets.SerieProcess]
[wrote RegularFileObject[/home/js/dev/repo/ridill/SchoolingTheInternet/STN-master/target/classes/com/stn/servlets/SerieProcess.class]]
[checking com.stn.helpers.CountryHelper]
[wrote RegularFileObject[/home/js/dev/repo/ridill/SchoolingTheInternet/STN-master/target/classes/com/stn/helpers/CountryHelper.class]]
[checking com.stn.utils.Tools]
[loading ZipFileIndexFileObject[/usr/lib/jvm/java-8-openjdk-amd64/lib/ct.sym(META-INF/sym/rt.jar/java/lang/System.class)]]
[loading ZipFileIndexFileObject[/usr/lib/jvm/java-8-openjdk-amd64/lib/ct.sym(META-INF/sym/rt.jar/java/text/DateFormat.class)]]
[loading ZipFileIndexFileObject[/usr/lib/jvm/java-8-openjdk-amd64/lib/ct.sym(META-INF/sym/rt.jar/java/text/Format.class)]]
[loading ZipFileIndexFileObject[/usr/lib/jvm/java-8-openjdk-amd64/lib/ct.sym(META-INF/sym/rt.jar/java/util/Hashtable.class)]]
[loading ZipFileIndexFileObject[/usr/lib/jvm/java-8-openjdk-amd64/lib/ct.sym(META-INF/sym/rt.jar/java/util/Dictionary.class)]]
[loading ZipFileIndexFileObject[/home/js/.m2/repository/com/sun/mail/javax.mail/1.5.1/javax.mail-1.5.1.jar(javax/mail/Authenticator.class)]]
[loading ZipFileIndexFileObject[/home/js/.m2/repository/com/sun/mail/javax.mail/1.5.1/javax.mail-1.5.1.jar(javax/mail/Part.class)]]
[loading ZipFileIndexFileObject[/home/js/.m2/repository/com/sun/mail/javax.mail/1.5.1/javax.mail-1.5.1.jar(javax/mail/Message$RecipientType.class)]]
[loading ZipFileIndexFileObject[/home/js/.m2/repository/com/sun/mail/javax.mail/1.5.1/javax.mail-1.5.1.jar(javax/mail/Service.class)]]
[loading ZipFileIndexFileObject[/usr/lib/jvm/java-8-openjdk-amd64/lib/ct.sym(META-INF/sym/rt.jar/java/util/AbstractMap.class)]]
[loading ZipFileIndexFileObject[/usr/lib/jvm/java-8-openjdk-amd64/lib/ct.sym(META-INF/sym/rt.jar/java/util/Map$Entry.class)]]
[loading ZipFileIndexFileObject[/usr/lib/jvm/java-8-openjdk-amd64/lib/ct.sym(META-INF/sym/rt.jar/java/util/Set.class)]]
[loading ZipFileIndexFileObject[/usr/lib/jvm/java-8-openjdk-amd64/lib/ct.sym(META-INF/sym/rt.jar/java/lang/management/PlatformManagedObject.class)]]
[loading ZipFileIndexFileObject[/usr/lib/jvm/java-8-openjdk-amd64/lib/ct.sym(META-INF/sym/rt.jar/java/lang/management/OperatingSystemMXBean.class)]]
[loading ZipFileIndexFileObject[/usr/lib/jvm/java-8-openjdk-amd64/lib/ct.sym(META-INF/sym/rt.jar/java/lang/Math.class)]]
[wrote RegularFileObject[/home/js/dev/repo/ridill/SchoolingTheInternet/STN-master/target/classes/com/stn/utils/Tools$1.class]]
[wrote RegularFileObject[/home/js/dev/repo/ridill/SchoolingTheInternet/STN-master/target/classes/com/stn/utils/Tools.class]]
[checking com.stn.servlets.EditNewsProcess]
[wrote RegularFileObject[/home/js/dev/repo/ridill/SchoolingTheInternet/STN-master/target/classes/com/stn/servlets/EditNewsProcess.class]]
[checking com.stn.servlets.LogoutProcess]
[wrote RegularFileObject[/home/js/dev/repo/ridill/SchoolingTheInternet/STN-master/target/classes/com/stn/servlets/LogoutProcess.class]]
[checking com.stn.servlets.AdminAppProcess]
[wrote RegularFileObject[/home/js/dev/repo/ridill/SchoolingTheInternet/STN-master/target/classes/com/stn/servlets/AdminAppProcess.class]]
[checking com.stn.helpers.UserHelper]
[loading ZipFileIndexFileObject[/usr/lib/jvm/java-8-openjdk-amd64/lib/ct.sym(META-INF/sym/rt.jar/java/sql/Types.class)]]
[wrote RegularFileObject[/home/js/dev/repo/ridill/SchoolingTheInternet/STN-master/target/classes/com/stn/helpers/UserHelper.class]]
[checking com.stn.servlets.AddNewsProcess]
[wrote RegularFileObject[/home/js/dev/repo/ridill/SchoolingTheInternet/STN-master/target/classes/com/stn/servlets/AddNewsProcess.class]]
[checking com.stn.servlets.AddComment]
[wrote RegularFileObject[/home/js/dev/repo/ridill/SchoolingTheInternet/STN-master/target/classes/com/stn/servlets/AddComment.class]]
[checking com.stn.servlets.JoinGrupaProcess]
[wrote RegularFileObject[/home/js/dev/repo/ridill/SchoolingTheInternet/STN-master/target/classes/com/stn/servlets/JoinGrupaProcess.class]]
[total 778ms]
